over 1 spawn npcs
203353: 2 [210020000,210040000]
203358: 2 [220020000,220040000]
203359: 2 [220030000,220050000]
203365: 2 [210010000,210030000]
204510: 2 [210010000,210040000]
204711: 2 [220020000,220040000]
204803: 2 [220020000,220040000]
205000: 2 [310010000,310020000]
205003: 2 [310010000,320010000]
205004: 2 [310010000,320010000]
205005: 2 [310010000,320010000]
205020: 3 [320010000,320020000,320140000]
205021: 3 [310010000,320010000,320020000]
205022: 3 [310010000,320010000,320020000]
205023: 2 [320010000,320020000]
205024: 2 [320010000,320020000]
205035: 2 [320010000,320020000]
205036: 2 [320010000,320020000]
205110: 2 [310060000,310070000]
205118: 2 [320140000,310120000]
205160: 2 [120010000,220050000]
205161: 2 [120010000,220050000]
205162: 2 [120010000,220050000]
205163: 2 [120010000,220050000]
205471: 2 [110010000,110070000]
205472: 2 [120010000,120080000]
206089: 2 [300080000,300700000]
206093: 2 [300100000,300460000]
206094: 2 [300100000,300460000]
206095: 3 [300140000,301260000,301300000]
206097: 3 [300130000,301250000,301290000]
206098: 2 [300100000,300460000]
206099: 2 [300100000,300460000]
206100: 2 [300100000,300460000]
206103: 2 [300100000,300460000]
207033: 2 [300450000,301100000]
207047: 2 [300350000,300420000]
207049: 2 [300450000,301100000]
207050: 2 [300450000,301100000]
207051: 2 [300450000,301100000]
207100: 4 [300450000,300550000,300570000,301100000]
207101: 4 [300450000,300550000,300570000,301100000]
207102: 2 [300450000,301100000]
207105: 4 [300450000,300550000,300570000,301100000]
207106: 2 [300450000,301100000]
207107: 2 [300450000,301100000]
207114: 2 [300450000,301100000]
207115: 2 [300450000,301100000]
207116: 2 [300450000,301100000]
207118: 4 [300450000,300550000,300570000,301100000]
207119: 4 [300450000,300550000,300570000,301100000]
207553: 2 [210020000,210040000]
207583: 2 [220020000,220040000]
207584: 2 [220020000,220040000]
207590: 2 [220020000,220040000]
207593: 2 [220020000,220040000]
207743: 2 [210020000,210040000]
207744: 2 [210020000,210040000]
207747: 2 [210040000,210020000]
207751: 2 [210020000,210040000]
207753: 2 [210020000,210040000]
207754: 2 [210020000,210040000]
207755: 2 [210020000,210040000]
207758: 2 [210020000,210040000]
207761: 2 [210020000,210040000]
207765: 2 [210020000,210040000]
207768: 2 [210020000,210040000]
207769: 2 [210020000,210040000]
207771: 2 [210020000,210040000]
207772: 2 [210020000,210040000]
207775: 2 [210020000,210040000]
207776: 2 [210020000,210040000]
207778: 2 [220020000,220040000]
207779: 2 [220040000,220020000]
207786: 2 [220040000,220020000]
207788: 2 [220020000,220040000]
207789: 2 [220020000,220040000]
207790: 2 [220020000,220040000]
207793: 2 [220040000,220020000]
207796: 2 [220020000,220040000]
207800: 2 [220040000,220020000]
207804: 2 [220020000,220040000]
207806: 2 [220020000,220040000]
207807: 2 [220040000,220020000]
207810: 2 [220020000,220040000]
207850: 2 [210020000,210040000]
207856: 2 [210020000,210040000]
207862: 2 [220020000,220040000]
207865: 2 [220040000,220020000]
209051: 2 [210050000,600010000]
209056: 2 [210050000,600010000]
209251: 2 [220070000,600010000]
209256: 2 [220070000,600010000]
209383: 2 [600030000,600040000]
209491: 2 [210040000,210060000]
209560: 2 [600050000,600060000]
209561: 2 [600050000,600060000]
209563: 2 [600050000,600060000]
209565: 2 [600050000,600060000]
209566: 2 [600050000,600060000]
209568: 2 [600050000,600060000]
209570: 2 [600050000,600060000]
209571: 2 [600050000,600060000]
209574: 2 [600050000,600060000]
209575: 2 [600050000,600060000]
209577: 2 [600050000,600060000]
209579: 2 [600050000,600060000]
209580: 2 [600050000,600060000]
209582: 2 [600050000,600060000]
209584: 2 [600050000,600060000]
209585: 2 [600050000,600060000]
209586: 5 [301040000,600050000,600060000,600110000,600120000]
209587: 4 [301040000,600050000,600060000,600070000]
209588: 2 [301040000,600060000]
209610: 2 [301040000,600060000]
209611: 2 [301040000,600060000]
209612: 5 [301040000,600060000,600070000,600110000,600120000]
209615: 4 [600060000,600070000,600110000,600120000]
209616: 2 [301040000,600060000]
209617: 2 [301040000,600060000]
209618: 2 [301040000,600060000]
209619: 5 [301040000,600060000,600070000,600110000,600120000]
209620: 5 [301040000,600060000,600070000,600110000,600120000]
209621: 5 [301040000,600060000,600070000,600110000,600120000]
210336: 4 [210010000,210030000,700010000,710010000]
210337: 3 [210030000,220020000,220050000]
210338: 5 [210010000,210030000,220010000,700010000,710010000]
210339: 4 [210030000,210040000,700010000,710010000]
210340: 8 [301020000,210010000,210020000,210030000,210060000,220010000,700010000,710010000]
210342: 6 [210020000,210030000,210040000,210060000,220050000,710010000]
210351: 2 [210060000,710010000]
210376: 4 [220030000,210050000,220010000,220050000]
210420: 3 [220030000,220010000,220020000]
210497: 2 [220030000,220010000]
210528: 2 [220030000,210020000]
210595: 3 [300200000,220010000,220030000]
210596: 2 [210040000,220010000]
210658: 3 [210020000,220020000,220030000]
210667: 4 [210010000,210060000,700010000,710010000]
211624: 2 [310030000,320030000]
211625: 2 [310030000,320030000]
211823: 2 [210030000,220030000]
211834: 3 [210020000,700010000,210060000]
211835: 3 [210020000,700010000,210060000]
211836: 2 [210020000,210060000]
211837: 4 [210020000,210040000,210060000,700010000]
211983: 2 [210040000,220020000]
212096: 2 [210040000,210020000]
212136: 2 [210020000,210040000]
212360: 3 [210040000,210060000,220050000]
212363: 5 [300250000,210040000,220050000,700010000,710010000]
212996: 2 [220020000,220050000]
212997: 2 [220020000,710010000]
213100: 2 [220050000,700010000]
213247: 2 [220040000,220050000]
213826: 2 [210060000,220020000]
214158: 2 [310090000,210040000]
214163: 2 [310090000,210040000]
214714: 3 [300100000,300460000,310110000]
214803: 2 [300060000,300090000]
214804: 2 [300060000,300090000]
214913: 2 [300100000,300460000]
214914: 2 [300100000,300460000]
214915: 2 [300100000,300460000]
214916: 2 [300100000,300460000]
214919: 2 [300100000,300460000]
214921: 2 [300100000,300460000]
214922: 2 [300100000,300460000]
214924: 2 [300100000,300460000]
214926: 2 [300100000,300460000]
214927: 2 [300100000,300460000]
214937: 2 [300100000,300460000]
214938: 2 [300100000,300460000]
214943: 2 [300100000,300460000]
214944: 2 [300100000,300460000]
214953: 2 [300100000,300460000]
214954: 2 [300100000,300460000]
214955: 2 [300100000,300460000]
214958: 2 [300100000,300460000]
214959: 2 [300100000,300460000]
214961: 2 [300100000,300460000]
214965: 2 [300100000,300460000]
214966: 2 [300100000,300460000]
214967: 2 [300100000,300460000]
214968: 2 [300100000,300460000]
214977: 2 [300100000,300460000]
214978: 2 [300100000,300460000]
214979: 2 [300100000,300460000]
214982: 2 [300100000,300460000]
214983: 2 [300100000,300460000]
214993: 2 [300100000,300460000]
214994: 2 [300100000,300460000]
214995: 2 [300100000,300460000]
214998: 2 [300100000,300460000]
214999: 2 [300100000,300460000]
215009: 2 [300100000,300460000]
215010: 2 [300100000,300460000]
215011: 2 [300100000,300460000]
215015: 2 [300100000,300460000]
215020: 2 [300100000,300460000]
215021: 2 [300100000,300460000]
215022: 2 [300100000,300460000]
215024: 2 [300100000,300460000]
215026: 2 [300100000,300460000]
215028: 2 [300100000,300460000]
215032: 2 [300100000,300460000]
215033: 2 [300100000,300460000]
215041: 2 [300100000,300460000]
215048: 2 [300100000,300460000]
215051: 2 [300100000,300460000]
215052: 2 [300100000,300460000]
215053: 2 [300100000,300460000]
215054: 2 [300460000,300100000]
215055: 2 [300100000,300460000]
215056: 2 [300100000,300460000]
215058: 2 [300100000,300460000]
215062: 2 [300100000,300460000]
215066: 2 [300100000,300460000]
215067: 2 [300100000,300460000]
215068: 2 [300460000,300100000]
215073: 2 [300100000,300460000]
215077: 2 [300100000,300460000]
215080: 2 [300100000,300460000]
215081: 2 [300100000,300460000]
215401: 2 [300100000,300460000]
215402: 2 [300100000,300460000]
215403: 2 [300100000,300460000]
215404: 2 [300100000,300460000]
215405: 2 [300100000,300460000]
215408: 2 [300100000,300460000]
215410: 2 [300100000,300460000]
215411: 2 [300100000,300460000]
215413: 3 [300140000,301260000,301300000]
215414: 3 [300120000,301240000,301280000]
215415: 3 [300130000,301250000,301290000]
215418: 2 [300100000,300460000]
215419: 2 [300100000,300460000]
215435: 2 [300100000,300460000]
215443: 2 [300070000,300050000]
215489: 2 [300100000,300460000]
215798: 2 [300150000,300160000]
215799: 2 [300150000,300160000]
215800: 2 [300150000,300160000]
215801: 2 [300150000,300160000]
215802: 2 [300150000,300160000]
215803: 2 [300150000,300160000]
215804: 2 [300150000,300160000]
215805: 2 [300150000,300160000]
215806: 2 [300150000,300160000]
215807: 2 [300150000,300160000]
215808: 2 [300160000,300150000]
215809: 2 [300150000,300160000]
215810: 2 [300150000,300160000]
215817: 2 [300150000,300160000]
215818: 2 [300150000,300160000]
215822: 2 [300160000,300150000]
215823: 2 [300160000,300150000]
215854: 2 [300150000,300160000]
215855: 2 [300150000,300160000]
215856: 2 [300150000,300160000]
215857: 2 [300150000,300160000]
215858: 2 [300150000,300160000]
215860: 2 [300150000,300160000]
216329: 2 [300150000,300160000]
216330: 2 [300150000,300160000]
216331: 2 [300150000,300160000]
216332: 2 [300150000,300160000]
216337: 2 [300150000,300160000]
216338: 2 [300150000,300160000]
216339: 2 [300150000,300160000]
216342: 2 [300150000,300160000]
216343: 2 [300150000,300160000]
216344: 2 [300150000,300160000]
217322: 2 [300280000,600020000]
217323: 2 [300280000,600020000]
218682: 2 [300350000,300420000]
218683: 2 [300350000,300420000]
218684: 2 [300350000,300420000]
218685: 2 [300350000,300420000]
218686: 2 [300350000,300420000]
218687: 2 [300350000,300420000]
218688: 2 [300350000,300420000]
218689: 2 [300350000,300420000]
218690: 2 [300350000,300420000]
218691: 2 [300350000,300420000]
218693: 2 [300360000,300430000]
218695: 2 [300350000,300420000]
218696: 2 [300350000,300420000]
218697: 2 [300350000,300420000]
218698: 2 [300350000,300420000]
218699: 2 [300350000,300420000]
218700: 2 [300350000,300420000]
218701: 2 [300350000,300420000]
218702: 2 [300350000,300420000]
218703: 2 [300350000,300420000]
218704: 2 [300350000,300420000]
218706: 2 [300360000,300430000]
218708: 2 [300350000,300420000]
218709: 2 [300350000,300420000]
218710: 2 [300350000,300420000]
218711: 2 [300350000,300420000]
218712: 2 [300350000,300420000]
218713: 2 [300350000,300420000]
218714: 2 [300350000,300420000]
218715: 2 [300350000,300420000]
218716: 2 [300350000,300420000]
218717: 2 [300350000,300420000]
218719: 2 [300360000,300430000]
218757: 2 [300360000,300430000]
218783: 2 [300350000,300420000]
218785: 2 [300350000,300420000]
218786: 2 [300350000,300420000]
218787: 2 [300350000,300420000]
218788: 2 [300350000,300420000]
218789: 2 [300350000,300420000]
218790: 2 [300350000,300420000]
218791: 2 [300350000,300420000]
218793: 2 [300350000,300420000]
218802: 2 [300360000,300430000]
218806: 2 [300350000,300420000]
218807: 2 [300350000,300420000]
218808: 2 [300350000,300420000]
218809: 2 [300350000,300420000]
218810: 2 [300350000,300420000]
218812: 2 [300350000,300420000]
218964: 2 [300100000,300460000]
218972: 2 [300100000,300460000]
218980: 2 [300460000,300100000]
218988: 2 [300460000,300100000]
218996: 2 [300100000,300460000]
219004: 2 [300100000,300460000]
219012: 2 [300100000,300460000]
219015: 2 [300100000,300460000]
219016: 2 [300460000,300100000]
219017: 2 [300460000,300100000]
219018: 2 [300460000,300100000]
219021: 2 [300460000,300100000]
219024: 2 [300460000,300100000]
219026: 2 [300100000,300460000]
219027: 2 [300460000,300100000]
219028: 2 [300460000,300100000]
219029: 2 [300460000,300100000]
219272: 2 [300450000,301100000]
219279: 2 [300450000,301100000]
219352: 2 [300510000,300470000]
219353: 2 [300510000,300470000]
219354: 2 [300510000,300470000]
219355: 2 [300510000,300470000]
219356: 2 [300510000,300470000]
219358: 2 [300510000,300470000]
219359: 2 [300520000,600040000]
219376: 2 [300450000,300510000]
219399: 2 [300510000,600030000]
219501: 2 [700010000,710010000]
219651: 2 [300450000,301100000]
219652: 2 [300450000,301100000]
230049: 2 [300480000,301190000]
230050: 2 [300480000,301190000]
230051: 2 [300480000,301190000]
230052: 2 [300480000,301190000]
230053: 2 [300480000,301190000]
230054: 2 [300480000,301190000]
230055: 2 [300480000,301190000]
230056: 2 [300480000,301190000]
230057: 2 [300480000,301190000]
230058: 2 [300480000,301190000]
230062: 2 [300480000,301190000]
230063: 2 [300480000,301190000]
230064: 2 [300480000,301190000]
230065: 2 [300480000,301190000]
230066: 2 [300480000,301190000]
230067: 2 [300480000,301190000]
230068: 2 [300480000,301190000]
230069: 2 [300480000,301190000]
230070: 2 [300480000,301190000]
230072: 2 [300480000,301190000]
230073: 2 [300480000,301190000]
230074: 2 [300480000,301190000]
230076: 2 [300480000,301190000]
230078: 2 [300480000,301190000]
230079: 2 [300480000,301190000]
230084: 2 [300580000,301180000]
230085: 2 [300580000,301180000]
230086: 2 [300580000,301180000]
230087: 2 [300580000,301180000]
230088: 2 [300580000,301180000]
230089: 2 [300580000,301180000]
230090: 2 [300580000,301180000]
230091: 2 [300580000,301180000]
230092: 2 [300580000,301180000]
230093: 2 [300580000,301180000]
230094: 2 [300580000,301180000]
230095: 2 [300580000,301180000]
230096: 2 [300580000,301180000]
230097: 2 [300580000,301180000]
230098: 2 [300580000,301180000]
230099: 2 [300580000,301180000]
230100: 2 [300530000,301170000]
230105: 2 [300530000,301170000]
230117: 2 [300530000,301170000]
230119: 2 [300530000,301170000]
230120: 2 [300530000,301170000]
230121: 2 [300530000,301170000]
230355: 2 [300580000,301180000]
230387: 2 [300580000,301180000]
230388: 2 [300580000,301180000]
230409: 2 [300580000,301180000]
230411: 2 [300580000,301180000]
230412: 2 [300580000,301180000]
230416: 2 [301320000,210070000]
230594: 3 [301010000,301030000,301040000]
230596: 3 [301010000,301030000,301040000]
230598: 2 [301010000,301030000]
230600: 2 [301010000,301030000]
230602: 3 [301010000,301030000,301040000]
230604: 3 [301010000,301030000,301040000]
230606: 3 [301010000,301030000,301040000]
230608: 3 [301010000,301030000,301040000]
230610: 3 [301010000,301030000,301040000]
230612: 3 [301010000,301030000,301040000]
230614: 3 [301010000,301030000,301040000]
230616: 3 [301010000,301030000,301040000]
230618: 3 [301010000,301030000,301040000]
230619: 2 [301010000,301030000]
230620: 2 [301010000,301030000]
230621: 3 [301010000,301030000,301040000]
230627: 2 [301010000,301030000]
230631: 3 [301010000,301030000,301040000]
230639: 2 [301010000,301030000]
230640: 2 [301010000,301030000]
230641: 2 [301010000,301030000]
230642: 2 [301010000,301030000]
230643: 2 [301010000,301030000]
230644: 2 [301010000,301030000]
230645: 2 [301010000,301030000]
230657: 2 [301010000,301030000]
230660: 2 [301010000,301030000]
230661: 2 [301010000,301030000]
230662: 2 [301010000,301030000]
230669: 2 [301020000,301050000]
230670: 2 [301020000,301050000]
230671: 2 [301020000,301050000]
230677: 2 [301020000,301050000]
230678: 2 [301020000,301050000]
230679: 2 [301020000,301050000]
230683: 2 [301020000,301050000]
230685: 2 [301020000,301050000]
230686: 2 [301020000,301050000]
230687: 2 [301020000,301050000]
230689: 2 [301020000,301050000]
230690: 2 [301020000,301050000]
230693: 2 [301020000,301050000]
230696: 2 [301020000,301050000]
230697: 2 [301020000,301050000]
230706: 2 [301020000,301050000]
230859: 3 [600070000,600110000,600120000]
230860: 3 [600070000,600110000,600120000]
230861: 3 [600070000,600110000,600120000]
230862: 3 [600070000,600110000,600120000]
230863: 3 [600070000,600110000,600120000]
230864: 3 [600070000,600110000,600120000]
230865: 3 [600070000,600110000,600120000]
230866: 3 [600070000,600110000,600120000]
230867: 3 [600070000,600110000,600120000]
230868: 3 [600070000,600110000,600120000]
230869: 3 [600070000,600110000,600120000]
230870: 3 [600070000,600110000,600120000]
230871: 3 [600070000,600110000,600120000]
230872: 3 [600070000,600110000,600120000]
230873: 2 [600110000,600120000]
230874: 3 [600070000,600110000,600120000]
230875: 3 [600070000,600110000,600120000]
230876: 3 [600070000,600110000,600120000]
230877: 3 [600070000,600110000,600120000]
230878: 3 [600070000,600110000,600120000]
230879: 3 [600070000,600110000,600120000]
230880: 3 [600070000,600110000,600120000]
230881: 3 [600070000,600110000,600120000]
230888: 3 [600070000,600110000,600120000]
230892: 3 [600070000,600110000,600120000]
230893: 3 [600070000,600110000,600120000]
230894: 3 [600070000,600110000,600120000]
230895: 2 [600110000,600120000]
230896: 3 [600070000,600110000,600120000]
230897: 3 [600070000,600110000,600120000]
230898: 3 [600070000,600110000,600120000]
230899: 3 [600070000,600110000,600120000]
230900: 3 [600070000,600110000,600120000]
230901: 3 [600070000,600110000,600120000]
230911: 3 [600070000,600110000,600120000]
230912: 3 [600070000,600110000,600120000]
230920: 3 [600070000,600110000,600120000]
230923: 3 [600070000,600110000,600120000]
230924: 3 [600070000,600110000,600120000]
230925: 3 [600070000,600110000,600120000]
230926: 3 [600070000,600110000,600120000]
230927: 2 [600110000,600120000]
230928: 3 [600070000,600110000,600120000]
230929: 3 [600070000,600110000,600120000]
230930: 2 [600110000,600120000]
230931: 3 [600070000,600110000,600120000]
230932: 3 [600070000,600110000,600120000]
230933: 3 [600070000,600110000,600120000]
230940: 3 [600070000,600110000,600120000]
230944: 3 [600070000,600110000,600120000]
230945: 3 [600070000,600110000,600120000]
230946: 3 [600070000,600110000,600120000]
230947: 3 [600070000,600110000,600120000]
230948: 3 [600070000,600110000,600120000]
230949: 3 [600070000,600110000,600120000]
230950: 3 [600070000,600110000,600120000]
230951: 3 [600070000,600110000,600120000]
230972: 3 [600070000,600110000,600120000]
230984: 3 [600070000,600110000,600120000]
230987: 3 [600070000,600110000,600120000]
230988: 3 [600070000,600110000,600120000]
230993: 3 [600070000,600110000,600120000]
230995: 3 [600070000,600110000,600120000]
230996: 3 [600070000,600110000,600120000]
230997: 3 [600070000,600110000,600120000]
230998: 3 [600070000,600110000,600120000]
230999: 3 [600070000,600110000,600120000]
231000: 3 [600070000,600110000,600120000]
231001: 2 [600110000,600120000]
231002: 3 [600070000,600110000,600120000]
231003: 3 [600070000,600110000,600120000]
231004: 2 [600110000,600120000]
231022: 2 [300590000,301320000]
231024: 2 [300590000,301320000]
231026: 2 [300590000,301320000]
231029: 2 [300590000,301320000]
231030: 2 [300590000,301320000]
231033: 2 [300590000,301320000]
231034: 2 [300590000,301320000]
231035: 2 [300590000,301320000]
231037: 2 [300590000,301320000]
231038: 2 [300590000,301320000]
231039: 2 [300590000,301320000]
231043: 2 [300590000,301320000]
231044: 2 [300590000,301320000]
231046: 2 [300590000,301320000]
231048: 2 [300590000,301320000]
231051: 2 [300590000,301320000]
231052: 2 [300590000,301320000]
231055: 2 [300590000,301320000]
231056: 2 [300590000,301320000]
231059: 3 [600070000,600110000,600120000]
231060: 3 [600070000,600110000,600120000]
231061: 3 [600070000,600110000,600120000]
231062: 3 [600070000,600110000,600120000]
231064: 3 [600070000,600110000,600120000]
231065: 3 [600070000,600110000,600120000]
231191: 2 [300590000,301320000]
231196: 3 [600070000,600110000,600120000]
231197: 3 [600070000,600110000,600120000]
231419: 2 [301010000,301030000]
231420: 2 [301010000,301030000]
231421: 2 [301010000,301030000]
231436: 2 [301020000,301050000]
231443: 2 [301020000,301050000]
231444: 2 [301020000,301050000]
231446: 2 [301010000,301030000]
231447: 2 [301010000,301030000]
231449: 2 [301010000,301030000]
231460: 2 [301020000,301050000]
231461: 2 [301010000,301030000]
231462: 2 [301010000,301030000]
231463: 3 [301010000,301030000,301040000]
231464: 3 [301010000,301030000,301040000]
231465: 2 [301010000,301030000]
231466: 2 [301010000,301030000]
231467: 2 [301020000,301050000]
231469: 2 [301020000,301050000]
231470: 2 [301020000,301050000]
232975: 2 [301040000,600060000]
233040: 3 [600070000,600110000,600120000]
233041: 3 [600070000,600110000,600120000]
233266: 2 [300530000,301170000]
233302: 3 [600070000,600110000,600120000]
233303: 3 [600070000,600110000,600120000]
233304: 3 [600070000,600110000,600120000]
233305: 3 [600070000,600110000,600120000]
233306: 3 [600070000,600110000,600120000]
233307: 3 [600070000,600110000,600120000]
233308: 3 [600070000,600110000,600120000]
233591: 2 [301260000,301300000]
233592: 2 [301260000,301300000]
233593: 2 [301260000,301300000]
233594: 2 [301260000,301300000]
233595: 2 [301260000,301300000]
233596: 2 [301260000,301300000]
233597: 2 [301260000,301300000]
233598: 2 [301260000,301300000]
233601: 2 [301260000,301300000]
233603: 2 [301260000,301300000]
233604: 2 [301260000,301300000]
233605: 2 [301260000,301300000]
233606: 2 [301260000,301300000]
233607: 2 [301260000,301300000]
233608: 2 [301260000,301300000]
233609: 2 [301260000,301300000]
233610: 2 [301260000,301300000]
233612: 2 [301260000,301300000]
233613: 2 [301260000,301300000]
233615: 2 [301260000,301300000]
233616: 2 [301260000,301300000]
233617: 2 [301260000,301300000]
233618: 2 [301260000,301300000]
233619: 2 [301260000,301300000]
233620: 2 [301260000,301300000]
233621: 2 [301260000,301300000]
233622: 2 [301260000,301300000]
233623: 2 [301260000,301300000]
233625: 2 [301260000,301300000]
233630: 2 [301260000,301300000]
233631: 2 [301260000,301300000]
233633: 2 [301260000,301300000]
233634: 2 [301240000,301280000]
233635: 2 [301240000,301280000]
233636: 2 [301240000,301280000]
233637: 2 [301240000,301280000]
233638: 2 [301240000,301280000]
233639: 2 [301240000,301280000]
233640: 2 [301240000,301280000]
233641: 2 [301240000,301280000]
233642: 2 [301240000,301280000]
233644: 2 [301240000,301280000]
233646: 2 [301240000,301280000]
233647: 2 [301240000,301280000]
233648: 2 [301240000,301280000]
233649: 2 [301240000,301280000]
233650: 2 [301240000,301280000]
233651: 2 [301240000,301280000]
233652: 2 [301240000,301280000]
233653: 2 [301240000,301280000]
233655: 2 [301240000,301280000]
233656: 2 [301240000,301280000]
233658: 2 [301240000,301280000]
233659: 2 [301240000,301280000]
233660: 2 [301240000,301280000]
233661: 2 [301240000,301280000]
233662: 2 [301240000,301280000]
233663: 2 [301240000,301280000]
233664: 2 [301240000,301280000]
233665: 2 [301240000,301280000]
233666: 2 [301240000,301280000]
233667: 2 [301240000,301280000]
233668: 2 [301240000,301280000]
233669: 2 [301240000,301280000]
233672: 2 [301240000,301280000]
233674: 2 [301240000,301280000]
233676: 2 [301240000,301280000]
233677: 2 [301250000,301290000]
233678: 2 [301250000,301290000]
233679: 2 [301250000,301290000]
233680: 2 [301250000,301290000]
233681: 2 [301250000,301290000]
233682: 2 [301250000,301290000]
233683: 2 [301250000,301290000]
233684: 2 [301250000,301290000]
233686: 2 [301250000,301290000]
233689: 2 [301250000,301290000]
233690: 2 [301250000,301290000]
233691: 2 [301250000,301290000]
233692: 2 [301250000,301290000]
233693: 2 [301250000,301290000]
233694: 2 [301250000,301290000]
233695: 2 [301250000,301290000]
233696: 2 [301250000,301290000]
233697: 2 [301250000,301290000]
233701: 2 [301250000,301290000]
233702: 2 [301250000,301290000]
233703: 2 [301250000,301290000]
233704: 2 [301250000,301290000]
233705: 2 [301250000,301290000]
233706: 2 [301250000,301290000]
233707: 2 [301250000,301290000]
233708: 2 [301250000,301290000]
233709: 2 [301250000,301290000]
233711: 2 [301250000,301290000]
233716: 2 [301250000,301290000]
233717: 2 [301250000,301290000]
233719: 2 [301250000,301290000]
233752: 2 [301260000,301300000]
233754: 2 [301260000,301300000]
233755: 2 [301260000,301300000]
233756: 2 [301260000,301300000]
233757: 2 [301260000,301300000]
233758: 2 [301260000,301300000]
233760: 2 [301260000,301300000]
233762: 2 [301260000,301300000]
233763: 2 [301260000,301300000]
233764: 2 [301260000,301300000]
233765: 2 [301260000,301300000]
233766: 2 [301260000,301300000]
233767: 2 [301260000,301300000]
233768: 2 [301260000,301300000]
233769: 2 [301260000,301300000]
233770: 2 [301260000,301300000]
233771: 2 [301260000,301300000]
233772: 2 [301260000,301300000]
233773: 2 [301260000,301300000]
233776: 2 [301260000,301300000]
233777: 2 [301260000,301300000]
233778: 2 [301260000,301300000]
233779: 2 [301260000,301300000]
233781: 2 [301260000,301300000]
233783: 2 [301240000,301280000]
233784: 2 [301240000,301280000]
233785: 2 [301240000,301280000]
233786: 2 [301240000,301280000]
233787: 2 [301240000,301280000]
233790: 2 [301240000,301280000]
233791: 2 [301240000,301280000]
233792: 2 [301240000,301280000]
233794: 2 [301240000,301280000]
233795: 2 [301240000,301280000]
233796: 2 [301240000,301280000]
233797: 2 [301240000,301280000]
233798: 2 [301240000,301280000]
233800: 2 [301240000,301280000]
233801: 2 [301240000,301280000]
233802: 2 [301240000,301280000]
233808: 2 [301240000,301280000]
233809: 2 [301240000,301280000]
233811: 2 [301240000,301280000]
233812: 2 [301240000,301280000]
233814: 2 [301250000,301290000]
233815: 2 [301250000,301290000]
233816: 2 [301250000,301290000]
233817: 2 [301250000,301290000]
233818: 2 [301250000,301290000]
233819: 2 [301250000,301290000]
233820: 2 [301250000,301290000]
233821: 2 [301250000,301290000]
233822: 2 [301250000,301290000]
233823: 2 [301250000,301290000]
233824: 2 [301250000,301290000]
233825: 2 [301250000,301290000]
233826: 2 [301250000,301290000]
233827: 2 [301250000,301290000]
233828: 2 [301250000,301290000]
233829: 2 [301250000,301290000]
233830: 2 [301250000,301290000]
233831: 2 [301250000,301290000]
233832: 2 [301250000,301290000]
233833: 2 [301250000,301290000]
233834: 2 [301250000,301290000]
233835: 2 [301250000,301290000]
233836: 2 [301250000,301290000]
233837: 2 [301250000,301290000]
233838: 2 [301250000,301290000]
233839: 2 [301250000,301290000]
233840: 2 [301250000,301290000]
233842: 2 [301250000,301290000]
233843: 2 [301250000,301290000]
233844: 2 [301250000,301290000]
233845: 2 [301250000,301290000]
258236: 2 [210050000,220070000]
258237: 2 [210050000,220070000]
258238: 2 [210050000,220070000]
258239: 2 [210050000,220070000]
258240: 2 [210050000,220070000]
258241: 2 [210050000,220070000]
258247: 2 [210050000,220070000]
258248: 2 [210050000,220070000]
258249: 2 [210050000,220070000]
258250: 2 [210050000,220070000]
258252: 2 [210050000,220070000]
258253: 2 [210050000,220070000]
258254: 2 [210050000,220070000]
258256: 2 [210050000,220070000]
258257: 2 [210050000,220070000]
258259: 2 [210050000,220070000]
258260: 2 [210050000,220070000]
258261: 2 [210050000,220070000]
258262: 3 [300250000,210050000,220070000]
258280: 3 [600050000,600060000,600090000]
258281: 3 [600050000,600060000,600090000]
260004: 2 [210050000,400010000]
260006: 2 [210050000,400010000]
280262: 2 [210020000,210040000]
280356: 2 [210020000,220020000]
280357: 2 [210020000,220020000]
280546: 2 [210020000,220020000]
280603: 3 [210020000,210040000,220040000]
280625: 2 [210040000,220040000]
280638: 2 [210040000,220040000]
281069: 2 [600020000,220070000]
281108: 2 [300100000,300460000]
281109: 2 [300100000,300460000]
281110: 2 [300100000,300460000]
281111: 2 [300100000,300460000]
281112: 2 [300100000,300460000]
281113: 2 [300100000,300460000]
281114: 2 [300100000,300460000]
281180: 2 [300100000,300460000]
281322: 2 [300100000,300460000]
281323: 2 [300100000,300460000]
281324: 2 [300100000,300460000]
281325: 2 [300100000,300460000]
281326: 2 [300100000,300460000]
281822: 2 [210050000,220070000]
282013: 2 [300600000,300220000]
282066: 2 [300600000,300220000]
282123: 2 [210050000,220070000]
282135: 2 [210050000,220070000]
282465: 2 [600030000,300280000]
282470: 2 [300280000,600030000]
282541: 2 [300280000,600030000]
282945: 4 [300280000,300600000,600030000,600040000]
282946: 2 [300280000,600030000]
282947: 2 [300280000,600030000]
284377: 3 [301110000,301330000,301360000]
284378: 3 [301110000,301330000,301360000]
284379: 3 [301110000,301330000,301360000]
284575: 2 [301020000,301040000]
287212: 3 [300590000,600110000,600120000]
287213: 2 [600110000,600120000]
295130: 2 [210060000,400010000]
296525: 2 [210050000,220070000]
296905: 2 [210050000,220070000]
296906: 2 [210050000,220070000]
400003: 2 [210030000,210060000]
400005: 2 [210020000,210040000]
400007: 2 [210020000,210040000]
400008: 2 [210040000,210060000]
400009: 2 [210040000,210060000]
400010: 3 [210040000,210050000,210060000]
400023: 2 [600050000,600060000]
400056: 2 [220020000,220040000]
400057: 3 [220020000,220040000,220050000]
400059: 2 [220040000,220050000]
400060: 2 [220040000,220050000]
400101: 3 [210030000,220030000,300200000]
400102: 4 [210020000,210060000,220020000,400010000]
400103: 5 [210020000,210040000,220020000,220040000,400010000]
400104: 4 [210040000,210060000,220040000,220050000]
400112: 3 [301140000,600050000,600060000]
400202: 3 [210030000,220030000,300200000]
400204: 4 [210020000,210060000,220020000,400010000]
400206: 5 [210020000,210040000,220020000,220040000,400010000]
400208: 4 [210040000,210060000,220040000,220050000]
400213: 3 [210050000,300220000,300600000]
400214: 4 [300590000,301320000,600050000,600060000]
400301: 3 [210030000,220030000,300200000]
400302: 3 [210030000,220030000,300200000]
400303: 3 [210030000,220030000,300200000]
400304: 4 [210020000,210060000,220020000,400010000]
400305: 4 [210020000,210060000,220020000,400010000]
400306: 4 [210020000,210060000,220020000,400010000]
400307: 5 [210020000,210040000,220020000,220040000,400010000]
400308: 3 [210020000,210040000,220040000]
400309: 3 [210020000,210040000,220040000]
400310: 4 [210040000,210060000,220040000,220050000]
400311: 4 [210040000,210060000,220040000,220050000]
400312: 3 [210040000,210060000,220040000]
400324: 3 [210050000,300220000,300600000]
400326: 3 [301140000,600050000,600060000]
400403: 2 [210020000,210060000]
400406: 2 [210020000,210040000]
400410: 2 [210040000,210060000]
400417: 4 [300590000,301320000,600050000,600060000]
400455: 2 [220020000,220040000]
400457: 2 [220040000,220050000]
400503: 2 [210020000,210060000]
400507: 2 [210020000,210040000]
400509: 2 [210040000,210060000]
400516: 4 [300590000,301320000,600050000,600060000]
400555: 2 [220020000,220040000]
400558: 2 [220040000,220050000]
400606: 2 [210020000,210060000]
400609: 2 [210020000,210040000]
400610: 2 [210040000,210060000]
400611: 2 [210040000,210060000]
400613: 2 [210040000,210060000]
400622: 2 [600050000,600060000]
400656: 2 [220020000,220040000]
400657: 2 [220020000,220040000]
400658: 2 [220020000,220040000]
400659: 2 [220040000,220050000]
400660: 2 [220040000,220050000]
400705: 3 [210020000,210030000,210060000]
400710: 2 [210040000,210060000]
400711: 2 [210040000,210060000]
400712: 3 [210040000,210050000,210060000]
400724: 2 [600050000,600060000]
400758: 2 [220020000,220040000]
400759: 3 [220020000,220040000,220050000]
400762: 2 [220040000,220050000]
400763: 2 [220040000,220050000]
400804: 2 [210020000,210030000]
400807: 2 [210020000,210040000]
400808: 2 [210020000,210040000]
400816: 2 [600050000,600060000]
400858: 3 [220020000,220040000,220050000]
400859: 2 [220040000,220050000]
400903: 2 [210040000,210060000]
400909: 2 [600050000,600060000]
400952: 2 [220020000,220030000]
401001: 2 [210030000,220030000]
401003: 2 [210030000,220030000]
401004: 2 [210030000,220030000]
401005: 4 [210020000,210030000,220020000,220030000]
401007: 3 [220020000,220030000,210020000]
401010: 2 [210020000,220020000]
401011: 3 [210020000,220020000,400010000]
401012: 5 [210020000,210040000,220020000,220040000,400010000]
401013: 4 [210020000,210040000,220020000,220040000]
401015: 5 [210020000,210040000,220020000,220040000,400010000]
401016: 5 [210020000,210040000,220020000,220040000,400010000]
401017: 4 [210040000,220020000,220040000,400010000]
401018: 3 [210040000,220020000,220040000]
401020: 4 [210020000,210040000,220040000,400010000]
401021: 3 [210020000,210040000,220040000]
401022: 3 [210020000,210040000,220040000]
401045: 4 [300580000,301180000,600050000,600060000]
401075: 2 [210050000,220070000]
401076: 2 [210050000,220070000]
401166: 2 [600020000,600030000]
401167: 5 [300530000,301170000,600050000,600060000,600070000]
402002: 2 [600020000,600030000]
700000: 18 [110010000,210010000,210020000,210030000,210040000,210050000,210060000,210070000,400010000,600050000,600060000,600100000,600110000,700010000,220020000,220030000,220040000,220050000]
700018: 2 [110010000,210040000]
700030: 2 [210010000,210040000]
700037: 2 [210020000,210030000]
700079: 14 [120010000,220010000,220020000,220030000,220040000,220050000,220070000,220080000,400010000,600050000,600060000,600100000,600120000,710010000]
700102: 4 [210020000,220010000,220020000,220040000]
700103: 5 [210020000,220010000,220030000,220020000,220040000]
700137: 6 [210020000,210040000,210050000,220020000,220040000,220070000]
700139: 2 [220010000,210030000]
700141: 2 [320030000,310030000]
700215: 3 [210020000,220050000,600020000]
700217: 3 [210030000,210040000,210020000]
700219: 2 [310050000,320110000]
700240: 2 [310060000,310070000]
700245: 2 [210020000,210040000]
700338: 2 [210040000,210060000]
700362: 2 [310050000,320110000]
700363: 2 [320110000,220040000]
700382: 2 [210040000,220050000]
700393: 2 [210060000,210040000]
700399: 2 [210040000,210060000]
700419: 2 [210060000,400010000]
700455: 2 [300080000,300700000]
700484: 9 [300120000,300130000,300140000,301240000,301250000,301260000,301280000,301290000,301300000]
700509: 2 [300100000,300460000]
700522: 2 [300100000,300460000]
700523: 2 [300460000,300100000]
700524: 2 [300100000,300460000]
700525: 2 [300100000,300460000]
700530: 2 [300080000,400010000]
700537: 3 [210020000,210040000,210060000]
700538: 3 [220020000,220040000,220050000]
700545: 2 [210050000,300140000]
700548: 2 [300100000,300460000]
700549: 2 [300460000,300100000]
700550: 2 [300460000,300100000]
700554: 2 [300100000,300460000]
700557: 3 [300100000,320130000,300460000]
700562: 2 [300100000,300460000]
700565: 2 [210040000,220040000]
700627: 2 [210020000,210050000]
700642: 2 [300530000,301170000]
700852: 2 [210030000,220030000]
700962: 2 [110010000,120010000]
701123: 2 [300540000,600030000]
701169: 2 [300350000,300420000]
701170: 2 [300350000,300420000]
701171: 2 [300350000,300420000]
701172: 2 [300350000,300420000]
701175: 2 [300350000,300420000]
701176: 2 [300350000,300420000]
701177: 2 [300350000,300420000]
701178: 2 [300350000,300420000]
701179: 2 [300350000,300420000]
701180: 2 [300350000,300420000]
701181: 2 [300350000,300420000]
701183: 2 [300350000,300420000]
701184: 2 [300350000,300420000]
701185: 2 [300350000,300420000]
701189: 2 [300350000,300420000]
701190: 2 [300350000,300420000]
701191: 2 [300350000,300420000]
701192: 2 [300350000,300420000]
701193: 2 [300350000,300420000]
701194: 2 [300350000,300420000]
701195: 2 [300350000,300420000]
701197: 2 [300350000,300420000]
701198: 2 [300350000,300420000]
701199: 2 [300350000,300420000]
701207: 2 [300350000,300420000]
701208: 2 [300350000,300420000]
701209: 2 [300350000,300420000]
701211: 2 [300350000,300420000]
701212: 2 [300350000,300420000]
701213: 2 [300350000,300420000]
701215: 2 [300360000,300430000]
701216: 2 [300360000,300430000]
701218: 4 [300360000,300430000,300550000,300570000]
701219: 4 [300360000,300430000,300550000,300570000]
701220: 2 [300360000,300430000]
701221: 2 [300360000,300430000]
701223: 4 [300360000,300430000,300550000,300570000]
701224: 4 [300360000,300430000,300550000,300570000]
701225: 2 [300360000,300430000]
701226: 2 [300360000,300430000]
701228: 4 [300360000,300430000,300550000,300570000]
701229: 4 [300360000,300430000,300550000,300570000]
701250: 2 [600020000,600030000]
701271: 2 [600020000,600030000]
701317: 4 [300350000,300420000,300550000,300570000]
701318: 4 [300350000,300420000,300550000,300570000]
701319: 4 [300350000,300420000,300550000,300570000]
701321: 2 [300350000,300420000]
701322: 2 [300350000,300420000]
701323: 2 [300350000,300420000]
701367: 2 [600020000,600030000]
701386: 2 [300460000,300100000]
701387: 2 [300460000,300100000]
701388: 2 [600030000,600040000]
701389: 2 [600030000,600040000]
701474: 2 [600020000,600030000]
701526: 2 [300480000,301190000]
701581: 2 [300580000,301180000]
701583: 2 [300580000,301180000]
701697: 2 [301040000,600060000]
701812: 3 [600070000,600110000,600120000]
701813: 3 [600070000,600110000,600120000]
701814: 3 [600070000,600110000,600120000]
701820: 2 [301010000,301030000]
701828: 2 [301010000,301030000]
701892: 2 [300530000,301170000]
701893: 2 [300530000,301170000]
701894: 2 [300530000,301170000]
701895: 2 [300530000,301170000]
701897: 2 [300580000,301180000]
702009: 2 [301230000,301370000]
702010: 2 [301230000,301370000]
702011: 2 [301230000,301370000]
702012: 2 [301230000,301370000]
702013: 2 [301230000,301370000]
702051: 2 [301240000,301280000]
702312: 3 [400040000,400050000,400060000]
702327: 3 [400040000,400050000,400060000]
702328: 3 [400040000,400050000,400060000]
702419: 3 [400040000,400050000,400060000]
702420: 3 [400040000,400050000,400060000]
702645: 3 [400040000,400050000,400060000]
702646: 3 [400040000,400050000,400060000]
702757: 2 [210070000,220080000]
730032: 3 [320130000,210040000,210020000]
730047: 2 [220020000,210020000]
730109: 2 [320130000,220040000]
730148: 6 [300040000,310050000,310110000,210020000,210060000,210040000]
730191: 2 [210010000,210040000]
730195: 5 [300100000,300460000,310050000,210040000,210060000]
730198: 2 [300100000,300460000]
730199: 2 [300100000,300460000]
730200: 2 [300100000,300460000]
730201: 2 [300100000,300460000]
730202: 2 [300100000,300460000]
730203: 2 [300100000,300460000]
730204: 2 [300100000,300460000]
730205: 2 [300100000,300460000]
730206: 3 [300460000,310110000,300100000]
730207: 2 [300100000,300460000]
730208: 2 [300100000,300460000]
730209: 2 [300100000,300460000]
730216: 2 [300100000,300460000]
730277: 2 [210050000,300160000]
730317: 2 [300220000,300600000]
730409: 2 [210050000,220070000]
730524: 2 [700010000,710010000]
730526: 2 [700010000,710010000]
730534: 2 [700010000,710010000]
730703: 2 [300510000,300540000]
730718: 2 [300530000,301170000]
730725: 2 [300530000,301170000]
730759: 2 [301010000,301030000]
730761: 2 [301010000,301030000]
730762: 2 [301020000,301040000]
730763: 2 [301010000,301030000]
730764: 2 [301020000,301040000]
730766: 5 [301010000,301020000,301030000,301040000,301050000]
730767: 2 [301010000,301030000]
730768: 2 [301010000,301030000]
730770: 2 [301020000,301040000]
730821: 3 [600070000,600110000,600120000]
730822: 3 [600070000,600110000,600120000]
730823: 3 [600070000,600110000,600120000]
730824: 3 [600070000,600110000,600120000]
730825: 3 [600070000,600110000,600120000]
730826: 3 [600070000,600110000,600120000]
730841: 3 [600070000,600110000,600120000]
730844: 2 [600050000,600060000]
730845: 2 [600050000,600060000]
730856: 3 [600070000,600110000,600120000]
730857: 3 [600070000,600110000,600120000]
730858: 3 [600070000,600110000,600120000]
730859: 3 [600070000,600110000,600120000]
730883: 2 [600070000,600100000]
730884: 2 [301230000,301370000]
730885: 2 [301230000,301370000]
730962: 3 [400040000,400050000,400060000]
730966: 3 [400040000,400050000,400060000]
749201: 4 [300600000,301010000,301030000,600020000]
798109: 2 [320100000,220020000]
798224: 2 [310110000,320130000]
798331: 2 [300100000,300460000]
798334: 2 [300100000,300460000]
798335: 2 [300100000,300460000]
798336: 2 [300100000,300460000]
798337: 2 [300100000,300460000]
798375: 2 [300100000,300460000]
798376: 2 [300100000,300460000]
798431: 2 [110010000,220020000]
799063: 2 [210050000,220070000]
799376: 2 [210050000,220070000]
799602: 2 [210050000,220070000]
799609: 2 [210050000,220070000]
799610: 2 [210050000,220070000]
799654: 2 [300280000,600030000]
799655: 2 [300280000,600030000]
799656: 2 [300280000,600030000]
799723: 4 [110010000,120010000,700010000,710010000]
799724: 2 [110010000,120010000]
799725: 4 [110010000,120010000,210040000,710010000]
799726: 4 [110010000,120010000,210040000,700010000]
799728: 4 [110010000,120010000,210040000,710010000]
799729: 3 [110010000,120010000,210040000]
799730: 2 [120010000,210040000]
799731: 9 [110010000,210030000,210040000,210050000,220030000,220070000,210020000,220020000,220040000]
799732: 3 [110010000,120010000,210040000]
799733: 3 [110010000,120010000,210040000]
799734: 2 [110010000,120010000]
799735: 9 [110010000,120010000,210050000,220070000,700010000,210020000,210040000,220020000,220040000]
799736: 10 [110010000,120010000,210030000,210050000,220030000,220070000,210020000,210040000,220020000,220040000]
799737: 5 [110010000,120010000,210030000,210040000,220030000]
799746: 2 [210030000,220030000]
799747: 6 [210050000,220070000,210020000,210040000,220020000,220040000]
799749: 6 [210050000,220070000,210040000,220020000,220040000,220030000]
800203: 2 [600020000,600030000]
800303: 2 [600030000,600040000]
800304: 2 [600030000,600040000]
800324: 2 [210070000,600030000]
800325: 2 [210070000,600030000]
800326: 2 [220080000,600030000]
800327: 2 [220080000,600030000]
801007: 2 [220080000,600050000]
801026: 2 [210070000,600050000]
801143: 2 [301040000,600060000]
801152: 2 [301040000,600060000]
801292: 2 [301040000,600060000]
801333: 2 [301020000,301040000]
801552: 2 [301040000,600060000]
801553: 2 [301040000,600060000]
801554: 2 [301040000,600060000]
801669: 2 [301040000,600060000]
801670: 2 [301040000,600060000]
801671: 4 [600060000,600070000,600110000,600120000]
801672: 5 [301040000,600060000,600070000,600110000,600120000]
801673: 2 [301040000,600060000]
801676: 5 [301040000,600060000,600070000,600110000,600120000]
801677: 2 [301040000,600060000]
801762: 2 [210070000,600070000]
801763: 2 [301320000,210070000]
801764: 2 [220080000,600070000]
801765: 2 [301320000,220080000]
801950: 2 [300480000,301190000]
801956: 2 [301120000,301320000]
801965: 2 [600060000,600100000]
801966: 2 [600060000,600100000]
802021: 3 [510010000,520010000,600060000]
802035: 2 [301210000,301320000]
802038: 2 [301210000,301320000]
802041: 2 [301210000,301320000]
802044: 2 [301210000,301320000]
802048: 2 [301230000,301370000]
802049: 2 [301230000,301370000]
830539: 2 [700010000,710010000]
830767: 2 [120010000,120020000]
831146: 2 [300480000,301190000]
831338: 2 [210040000,210050000]
831341: 2 [120010000,600120000]
831343: 2 [120010000,600120000]
831851: 2 [120010000,220050000]
831990: 3 [300540000,301130000,301140000]
831998: 2 [600110000,600120000]
832261: 2 [600110000,600120000]
880972: 4 [400020000,400040000,400050000,400060000]
880980: 4 [400020000,400040000,400050000,400060000]
880984: 4 [400020000,400040000,400050000,400060000]
880988: 4 [400020000,400040000,400050000,400060000]
881004: 4 [400020000,400040000,400050000,400060000]
881012: 4 [400020000,400040000,400050000,400060000]
881016: 4 [400020000,400040000,400050000,400060000]
881020: 4 [400020000,400040000,400050000,400060000]
881029: 4 [400020000,400040000,400050000,400060000]
881032: 4 [400020000,400040000,400050000,400060000]
881033: 4 [400020000,400040000,400050000,400060000]
881035: 4 [400020000,400040000,400050000,400060000]
881036: 4 [400020000,400040000,400050000,400060000]
881052: 4 [400020000,400040000,400050000,400060000]
881055: 4 [400020000,400040000,400050000,400060000]
881056: 4 [400020000,400040000,400050000,400060000]
881063: 4 [400020000,400040000,400050000,400060000]
881072: 4 [400020000,400040000,400050000,400060000]
881188: 4 [400020000,400040000,400050000,400060000]
881190: 4 [400020000,400040000,400050000,400060000]
881200: 4 [400020000,400040000,400050000,400060000]
881204: 4 [400020000,400040000,400050000,400060000]
881220: 4 [400020000,400040000,400050000,400060000]
881228: 4 [400020000,400040000,400050000,400060000]
881232: 4 [400020000,400040000,400050000,400060000]
881236: 4 [400020000,400040000,400050000,400060000]
881248: 4 [400020000,400040000,400050000,400060000]
881250: 4 [400020000,400040000,400050000,400060000]
881252: 4 [400020000,400040000,400050000,400060000]
881268: 4 [400020000,400040000,400050000,400060000]
881272: 4 [400020000,400040000,400050000,400060000]
881288: 4 [400020000,400040000,400050000,400060000]
881410: 2 [400020000,400040000]
150000009: 4 [110010000,120010000,700010000,710010000]
150000010: 4 [110010000,120010000,700010000,710010000]
150000011: 4 [110010000,120010000,700010000,710010000]
150000012: 4 [110010000,120010000,700010000,710010000]
150000013: 4 [110010000,120010000,700010000,710010000]
150000015: 4 [110010000,120010000,700010000,710010000]
150000023: 4 [110010000,120010000,700010000,710010000]
150000025: 2 [700010000,710010000]
150000026: 2 [700010000,710010000]
150000027: 2 [700010000,710010000]
150000028: 2 [700010000,710010000]
150000029: 2 [700010000,710010000]
150000030: 2 [700010000,710010000]
150000031: 2 [700010000,710010000]
